e:\work2\framework\x64\debug\vc141.pdb
e:\work2\framework\x64\debug\vc141.idb
e:\work2\framework\x64\debug\common.obj
e:\work2\framework\x64\debug\debugoverlay.obj
e:\work2\framework\x64\debug\enemy.obj
e:\work2\framework\x64\debug\entity.obj
e:\work2\framework\x64\debug\font.obj
e:\work2\framework\x64\debug\label.obj
e:\work2\framework\x64\debug\level.obj
e:\work2\framework\x64\debug\main.obj
e:\work2\framework\x64\debug\object.obj
e:\work2\framework\x64\debug\player.obj
e:\work2\framework\x64\debug\projectile.obj
e:\work2\framework\x64\debug\renderer.obj
e:\work2\framework\x64\debug\scene.obj
e:\work2\framework\x64\debug\scene1.obj
e:\work2\framework\x64\debug\scene2.obj
e:\work2\framework\x64\debug\system.obj
e:\work2\framework\x64\debug\testscene.obj
e:\work2\framework\x64\debug\texture.obj
e:\work2\framework\x64\debug\timer.obj
e:\work2\framework\x64\debug\ui.obj
e:\work2\framework\x64\debug\button.obj
e:\work2\build\bin\x64\framework.pdb
e:\work2\framework\x64\debug\framework.tlog\cl.command.1.tlog
e:\work2\framework\x64\debug\framework.tlog\cl.read.1.tlog
e:\work2\framework\x64\debug\framework.tlog\cl.write.1.tlog
e:\work2\framework\x64\debug\framework.tlog\link-cvtres.read.1.tlog
e:\work2\framework\x64\debug\framework.tlog\link-cvtres.write.1.tlog
e:\work2\framework\x64\debug\framework.tlog\link-rc.read.1.tlog
e:\work2\framework\x64\debug\framework.tlog\link-rc.write.1.tlog
e:\work2\framework\x64\debug\framework.tlog\link.command.1.tlog
e:\work2\framework\x64\debug\framework.tlog\link.read.1.tlog
e:\work2\framework\x64\debug\framework.tlog\link.write.1.tlog
